Arguments: 
  E:\Program\node.exe C:\Users\JEET\AppData\Roaming\npm\node_modules\yarn\bin\yarn.js add yarn@latest -g

PATH: 
  C:\Program Files\Common Files\Oracle\Java\javapath;C:\WINDOWS\system32;C:\WINDOWS;C:\WINDOWS\System32\Wbem;C:\WINDOWS\System32\WindowsPowerShell\v1.0\;C:\WINDOWS\System32\OpenSSH\;E:\Program\;C:\Program Files\Git\cmd;C:\Program Files\Git\bin;C:\Users\JEET\AppData\Local\Microsoft\WindowsApps;C:\Users\JEET\AppData\Roaming\npm;C:\Users\JEET\AppData\Local\hyper\app-3.0.2\resources\bin;C:\Program Files\Git\bin;C:\Users\JEET\AppData\Local\Programs\Microsoft VS Code\bin;C:\Program Files\heroku\bin

Yarn version: 
  1.22.10

Node version: 
  14.17.0

Platform: 
  win32 x64

Trace: 
  Error: EPERM: operation not permitted, unlink 'D:\Jeet\Web-Dev\GKeep\node_modules\bcrypt\lib\binding\napi-v3\bcrypt_lib.node'

npm manifest: 
  {
    "name": "gkeep",
    "version": "1.0.0",
    "description": "Google Keep Clone",
    "main": "index.js",
    "scripts": {
      "test": "echo \"Error: no test specified\" && exit 1",
      "start": "node index.js",
      "dev": "npx concurrently \"npx nodemon index.js\" \"cd client && npm start\""
    },
    "author": "Jeet Prajapati",
    "license": "ISC",
    "dependencies": {
      "bcrypt": "^5.0.1",
      "cors": "^2.8.5",
      "dotenv": "^10.0.0",
      "express": "^4.17.1",
      "mongoose": "^5.13.2"
    }
  }

yarn manifest: 
  No manifest

Lockfile: 
  No lockfile
